<?xml version="1.0" encoding="UTF-8"?>
<!-- Generated by org.testng.reporters.JUnitReportReporter -->
<testsuite hostname="DESKTOP-26A9125" failures="0" tests="3" name="testNGPackage.OpenWebsites" time="28.151" errors="0" timestamp="2023-01-13T14:38:45 CST" skipped="0">
  <testcase classname="testNGPackage.OpenWebsites" name="openingAmazonSite" time="8.863"/>
  <system-out/>
  <testcase classname="testNGPackage.OpenWebsites" name="openingYahooSite" time="12.857"/>
  <system-out/>
  <testcase classname="testNGPackage.OpenWebsites" name="openingCnbcSite" time="6.431"/>
  <system-out/>
</testsuite> <!-- testNGPackage.OpenWebsites -->
