<?xml version="1.0" encoding="UTF-8"?>
<!-- Generated by org.testng.reporters.JUnitReportReporter -->
<testsuite hostname="DESKTOP-26A9125" failures="0" tests="1" name="testNGPackage.NewTest" time="0.020" errors="0" timestamp="2023-01-13T14:24:19 CST" skipped="0">
  <testcase classname="testNGPackage.NewTest" name="f" time="0.020"/>
  <system-out/>
</testsuite> <!-- testNGPackage.NewTest -->
