<?xml version="1.0" encoding="UTF-8"?>
<!-- Generated by org.testng.reporters.JUnitReportReporter -->
<testsuite hostname="DESKTOP-26A9125" failures="0" tests="3" name="testNGPackage.NewTestDataProvider" time="18.270" errors="0" timestamp="2023-01-21T15:07:46 CST" skipped="0">
  <testcase classname="testNGPackage.NewTestDataProvider" name="checking" time="5.609"/>
  <system-out/>
  <testcase classname="testNGPackage.NewTestDataProvider" name="checking" time="4.919"/>
  <system-out/>
  <testcase classname="testNGPackage.NewTestDataProvider" name="checking" time="7.742"/>
  <system-out/>
</testsuite> <!-- testNGPackage.NewTestDataProvider -->
