<?xml version="1.0" encoding="UTF-8"?>
<!-- Generated by org.testng.reporters.JUnitReportReporter -->
<testsuite hostname="DESKTOP-26A9125" failures="0" tests="3" name="testNGPackage.DependencyClass" time="41.333" errors="0" timestamp="2023-01-13T14:47:05 CST" skipped="0">
  <testcase classname="testNGPackage.DependencyClass" name="openingYahooSite" time="25.601"/>
  <system-out/>
  <testcase classname="testNGPackage.DependencyClass" name="openingCnbcSite" time="8.166"/>
  <system-out/>
  <testcase classname="testNGPackage.DependencyClass" name="openingAmazonSite" time="7.566"/>
  <system-out/>
</testsuite> <!-- testNGPackage.DependencyClass -->
